[11-May-2022 11:59:29 ASIA/JAKARTA] PHP Fatal error:  Uncaught Exception: FPDF error: Image file has no extension and no type was specified: $template_event in /home/andipublisher/public_html/application_api/sertifikat/fpdf/fpdf.php:271
Stack trace:
#0 /home/andipublisher/public_html/application_api/sertifikat/fpdf/fpdf.php(881): FPDF->Error('Image file has ...')
#1 /home/andipublisher/public_html/application_api/sertifikat/sertifikat-event.php(27): FPDF->Image('$template_event', 0, 0, 0)
#2 {main}
  thrown in /home/andipublisher/public_html/application_api/sertifikat/fpdf/fpdf.php on line 271
[12-May-2022 10:54:34 ASIA/JAKARTA] PHP Fatal error:  Uncaught Exception: FPDF error: Image file has no extension and no type was specified: $template_event in /home/andipublisher/public_html/application_api/sertifikat/fpdf/fpdf.php:271
Stack trace:
#0 /home/andipublisher/public_html/application_api/sertifikat/fpdf/fpdf.php(881): FPDF->Error('Image file has ...')
#1 /home/andipublisher/public_html/application_api/sertifikat/sertifikat-event.php(27): FPDF->Image('$template_event', 0, 0, 0)
#2 {main}
  thrown in /home/andipublisher/public_html/application_api/sertifikat/fpdf/fpdf.php on line 271
[12-May-2022 11:27:02 ASIA/JAKARTA] PHP Fatal error:  Uncaught Exception: FPDF error: Image file has no extension and no type was specified: $template_event in /home/andipublisher/public_html/application_api/sertifikat/fpdf/fpdf.php:271
Stack trace:
#0 /home/andipublisher/public_html/application_api/sertifikat/fpdf/fpdf.php(881): FPDF->Error('Image file has ...')
#1 /home/andipublisher/public_html/application_api/sertifikat/sertifikat-event.php(27): FPDF->Image('$template_event', 0, 0, 0)
#2 {main}
  thrown in /home/andipublisher/public_html/application_api/sertifikat/fpdf/fpdf.php on line 271
[12-May-2022 11:27:13 ASIA/JAKARTA] PHP Fatal error:  Uncaught Exception: FPDF error: Image file has no extension and no type was specified: $template_event in /home/andipublisher/public_html/application_api/sertifikat/fpdf/fpdf.php:271
Stack trace:
#0 /home/andipublisher/public_html/application_api/sertifikat/fpdf/fpdf.php(881): FPDF->Error('Image file has ...')
#1 /home/andipublisher/public_html/application_api/sertifikat/sertifikat-event.php(27): FPDF->Image('$template_event', 0, 0, 0)
#2 {main}
  thrown in /home/andipublisher/public_html/application_api/sertifikat/fpdf/fpdf.php on line 271
[12-May-2022 11:28:42 ASIA/JAKARTA] PHP Fatal error:  Uncaught Exception: FPDF error: Image file has no extension and no type was specified: $template_event in /home/andipublisher/public_html/application_api/sertifikat/fpdf/fpdf.php:271
Stack trace:
#0 /home/andipublisher/public_html/application_api/sertifikat/fpdf/fpdf.php(881): FPDF->Error('Image file has ...')
#1 /home/andipublisher/public_html/application_api/sertifikat/sertifikat-event.php(27): FPDF->Image('$template_event', 0, 0, 0)
#2 {main}
  thrown in /home/andipublisher/public_html/application_api/sertifikat/fpdf/fpdf.php on line 271
[12-May-2022 11:28:52 ASIA/JAKARTA] PHP Fatal error:  Uncaught Exception: FPDF error: Image file has no extension and no type was specified: $template_event in /home/andipublisher/public_html/application_api/sertifikat/fpdf/fpdf.php:271
Stack trace:
#0 /home/andipublisher/public_html/application_api/sertifikat/fpdf/fpdf.php(881): FPDF->Error('Image file has ...')
#1 /home/andipublisher/public_html/application_api/sertifikat/sertifikat-event.php(27): FPDF->Image('$template_event', 0, 0, 0)
#2 {main}
  thrown in /home/andipublisher/public_html/application_api/sertifikat/fpdf/fpdf.php on line 271
[12-May-2022 11:29:20 ASIA/JAKARTA] PHP Fatal error:  Uncaught Exception: FPDF error: Image file has no extension and no type was specified: $template_event in /home/andipublisher/public_html/application_api/sertifikat/fpdf/fpdf.php:271
Stack trace:
#0 /home/andipublisher/public_html/application_api/sertifikat/fpdf/fpdf.php(881): FPDF->Error('Image file has ...')
#1 /home/andipublisher/public_html/application_api/sertifikat/sertifikat-event.php(27): FPDF->Image('$template_event', 0, 0, 0)
#2 {main}
  thrown in /home/andipublisher/public_html/application_api/sertifikat/fpdf/fpdf.php on line 271
[12-May-2022 11:29:28 ASIA/JAKARTA] PHP Fatal error:  Uncaught Exception: FPDF error: Image file has no extension and no type was specified: $template_event in /home/andipublisher/public_html/application_api/sertifikat/fpdf/fpdf.php:271
Stack trace:
#0 /home/andipublisher/public_html/application_api/sertifikat/fpdf/fpdf.php(881): FPDF->Error('Image file has ...')
#1 /home/andipublisher/public_html/application_api/sertifikat/sertifikat-event.php(27): FPDF->Image('$template_event', 0, 0, 0)
#2 {main}
  thrown in /home/andipublisher/public_html/application_api/sertifikat/fpdf/fpdf.php on line 271
[12-May-2022 11:29:30 ASIA/JAKARTA] PHP Fatal error:  Uncaught Exception: FPDF error: Image file has no extension and no type was specified: $template_event in /home/andipublisher/public_html/application_api/sertifikat/fpdf/fpdf.php:271
Stack trace:
#0 /home/andipublisher/public_html/application_api/sertifikat/fpdf/fpdf.php(881): FPDF->Error('Image file has ...')
#1 /home/andipublisher/public_html/application_api/sertifikat/sertifikat-event.php(27): FPDF->Image('$template_event', 0, 0, 0)
#2 {main}
  thrown in /home/andipublisher/public_html/application_api/sertifikat/fpdf/fpdf.php on line 271
[12-May-2022 11:29:41 ASIA/JAKARTA] PHP Fatal error:  Uncaught Exception: FPDF error: Image file has no extension and no type was specified: $template_event in /home/andipublisher/public_html/application_api/sertifikat/fpdf/fpdf.php:271
Stack trace:
#0 /home/andipublisher/public_html/application_api/sertifikat/fpdf/fpdf.php(881): FPDF->Error('Image file has ...')
#1 /home/andipublisher/public_html/application_api/sertifikat/sertifikat-event.php(27): FPDF->Image('$template_event', 0, 0, 0)
#2 {main}
  thrown in /home/andipublisher/public_html/application_api/sertifikat/fpdf/fpdf.php on line 271
[12-May-2022 11:29:57 ASIA/JAKARTA] PHP Fatal error:  Uncaught Exception: FPDF error: Image file has no extension and no type was specified: $template_event in /home/andipublisher/public_html/application_api/sertifikat/fpdf/fpdf.php:271
Stack trace:
#0 /home/andipublisher/public_html/application_api/sertifikat/fpdf/fpdf.php(881): FPDF->Error('Image file has ...')
#1 /home/andipublisher/public_html/application_api/sertifikat/sertifikat-event.php(27): FPDF->Image('$template_event', 0, 0, 0)
#2 {main}
  thrown in /home/andipublisher/public_html/application_api/sertifikat/fpdf/fpdf.php on line 271
[12-May-2022 11:30:30 ASIA/JAKARTA] PHP Fatal error:  Uncaught Exception: FPDF error: Image file has no extension and no type was specified: $template_event in /home/andipublisher/public_html/application_api/sertifikat/fpdf/fpdf.php:271
Stack trace:
#0 /home/andipublisher/public_html/application_api/sertifikat/fpdf/fpdf.php(881): FPDF->Error('Image file has ...')
#1 /home/andipublisher/public_html/application_api/sertifikat/sertifikat-event.php(27): FPDF->Image('$template_event', 0, 0, 0)
#2 {main}
  thrown in /home/andipublisher/public_html/application_api/sertifikat/fpdf/fpdf.php on line 271
[12-May-2022 11:38:01 ASIA/JAKARTA] PHP Fatal error:  Uncaught Exception: FPDF error: Image file has no extension and no type was specified: $template_event in /home/andipublisher/public_html/application_api/sertifikat/fpdf/fpdf.php:271
Stack trace:
#0 /home/andipublisher/public_html/application_api/sertifikat/fpdf/fpdf.php(881): FPDF->Error('Image file has ...')
#1 /home/andipublisher/public_html/application_api/sertifikat/sertifikat-event.php(27): FPDF->Image('$template_event', 0, 0, 0)
#2 {main}
  thrown in /home/andipublisher/public_html/application_api/sertifikat/fpdf/fpdf.php on line 271
[12-May-2022 11:38:26 ASIA/JAKARTA] PHP Fatal error:  Uncaught Exception: FPDF error: Image file has no extension and no type was specified: $template_event in /home/andipublisher/public_html/application_api/sertifikat/fpdf/fpdf.php:271
Stack trace:
#0 /home/andipublisher/public_html/application_api/sertifikat/fpdf/fpdf.php(881): FPDF->Error('Image file has ...')
#1 /home/andipublisher/public_html/application_api/sertifikat/sertifikat-event.php(27): FPDF->Image('$template_event', 0, 0, 0)
#2 {main}
  thrown in /home/andipublisher/public_html/application_api/sertifikat/fpdf/fpdf.php on line 271
[12-May-2022 11:41:48 ASIA/JAKARTA] PHP Fatal error:  Uncaught Exception: FPDF error: Image file has no extension and no type was specified: $template_event in /home/andipublisher/public_html/application_api/sertifikat/fpdf/fpdf.php:271
Stack trace:
#0 /home/andipublisher/public_html/application_api/sertifikat/fpdf/fpdf.php(881): FPDF->Error('Image file has ...')
#1 /home/andipublisher/public_html/application_api/sertifikat/sertifikat-event.php(27): FPDF->Image('$template_event', 0, 0, 0)
#2 {main}
  thrown in /home/andipublisher/public_html/application_api/sertifikat/fpdf/fpdf.php on line 271
[12-May-2022 11:41:53 ASIA/JAKARTA] PHP Fatal error:  Uncaught Exception: FPDF error: Image file has no extension and no type was specified: $template_event in /home/andipublisher/public_html/application_api/sertifikat/fpdf/fpdf.php:271
Stack trace:
#0 /home/andipublisher/public_html/application_api/sertifikat/fpdf/fpdf.php(881): FPDF->Error('Image file has ...')
#1 /home/andipublisher/public_html/application_api/sertifikat/sertifikat-event.php(27): FPDF->Image('$template_event', 0, 0, 0)
#2 {main}
  thrown in /home/andipublisher/public_html/application_api/sertifikat/fpdf/fpdf.php on line 271
[12-May-2022 16:57:27 ASIA/JAKARTA] PHP Fatal error:  Uncaught Exception: FPDF error: Image file has no extension and no type was specified: template/ in /home/andipublisher/public_html/application_api/sertifikat/fpdf/fpdf.php:271
Stack trace:
#0 /home/andipublisher/public_html/application_api/sertifikat/fpdf/fpdf.php(881): FPDF->Error('Image file has ...')
#1 /home/andipublisher/public_html/application_api/sertifikat/sertifikat-event.php(27): FPDF->Image('template/', 0, 0, 0)
#2 {main}
  thrown in /home/andipublisher/public_html/application_api/sertifikat/fpdf/fpdf.php on line 271
[12-May-2022 20:01:58 ASIA/JAKARTA] PHP Fatal error:  Uncaught Exception: FPDF error: Image file has no extension and no type was specified: template/ in /home/andipublisher/public_html/application_api/sertifikat/fpdf/fpdf.php:271
Stack trace:
#0 /home/andipublisher/public_html/application_api/sertifikat/fpdf/fpdf.php(881): FPDF->Error('Image file has ...')
#1 /home/andipublisher/public_html/application_api/sertifikat/sertifikat-event.php(27): FPDF->Image('template/', 0, 0, 0)
#2 {main}
  thrown in /home/andipublisher/public_html/application_api/sertifikat/fpdf/fpdf.php on line 271
[12-May-2022 20:02:08 ASIA/JAKARTA] PHP Fatal error:  Uncaught Exception: FPDF error: Image file has no extension and no type was specified: template/ in /home/andipublisher/public_html/application_api/sertifikat/fpdf/fpdf.php:271
Stack trace:
#0 /home/andipublisher/public_html/application_api/sertifikat/fpdf/fpdf.php(881): FPDF->Error('Image file has ...')
#1 /home/andipublisher/public_html/application_api/sertifikat/sertifikat-event.php(27): FPDF->Image('template/', 0, 0, 0)
#2 {main}
  thrown in /home/andipublisher/public_html/application_api/sertifikat/fpdf/fpdf.php on line 271
[12-May-2022 20:02:13 ASIA/JAKARTA] PHP Fatal error:  Uncaught Exception: FPDF error: Image file has no extension and no type was specified: template/ in /home/andipublisher/public_html/application_api/sertifikat/fpdf/fpdf.php:271
Stack trace:
#0 /home/andipublisher/public_html/application_api/sertifikat/fpdf/fpdf.php(881): FPDF->Error('Image file has ...')
#1 /home/andipublisher/public_html/application_api/sertifikat/sertifikat-event.php(27): FPDF->Image('template/', 0, 0, 0)
#2 {main}
  thrown in /home/andipublisher/public_html/application_api/sertifikat/fpdf/fpdf.php on line 271
[12-May-2022 20:02:16 ASIA/JAKARTA] PHP Fatal error:  Uncaught Exception: FPDF error: Image file has no extension and no type was specified: template/ in /home/andipublisher/public_html/application_api/sertifikat/fpdf/fpdf.php:271
Stack trace:
#0 /home/andipublisher/public_html/application_api/sertifikat/fpdf/fpdf.php(881): FPDF->Error('Image file has ...')
#1 /home/andipublisher/public_html/application_api/sertifikat/sertifikat-event.php(27): FPDF->Image('template/', 0, 0, 0)
#2 {main}
  thrown in /home/andipublisher/public_html/application_api/sertifikat/fpdf/fpdf.php on line 271
[18-May-2022 15:15:48 ASIA/JAKARTA] PHP Fatal error:  Uncaught Exception: FPDF error: Image file has no extension and no type was specified: template/ in /home/andipublisher/public_html/application_api/sertifikat/fpdf/fpdf.php:271
Stack trace:
#0 /home/andipublisher/public_html/application_api/sertifikat/fpdf/fpdf.php(881): FPDF->Error('Image file has ...')
#1 /home/andipublisher/public_html/application_api/sertifikat/sertifikat-event.php(27): FPDF->Image('template/', 0, 0, 0)
#2 {main}
  thrown in /home/andipublisher/public_html/application_api/sertifikat/fpdf/fpdf.php on line 271
[19-May-2022 10:11:00 ASIA/JAKARTA] PHP Fatal error:  Uncaught Error: Call to a member function SetFont() on null in /home/andipublisher/public_html/application_api/sertifikat/sertifikat-event.php:15
Stack trace:
#0 /home/andipublisher/public_html/application_api/sertifikat/sertifikat-event.php(32): AddText(NULL, 'Yohana M.A.Bana', 0, 67, 'C', 'Times', 'B', 50, 0, 51, 102)
#1 {main}
  thrown in /home/andipublisher/public_html/application_api/sertifikat/sertifikat-event.php on line 15
[19-May-2022 10:11:11 ASIA/JAKARTA] PHP Fatal error:  Uncaught Error: Call to a member function AddPage() on null in /home/andipublisher/public_html/application_api/sertifikat/sertifikat-event.php:23
Stack trace:
#0 {main}
  thrown in /home/andipublisher/public_html/application_api/sertifikat/sertifikat-event.php on line 23
[19-May-2022 10:11:32 ASIA/JAKARTA] PHP Fatal error:  Uncaught Exception: FPDF error: No page has been added yet in /home/andipublisher/public_html/application_api/sertifikat/fpdf/fpdf.php:271
Stack trace:
#0 /home/andipublisher/public_html/application_api/sertifikat/fpdf/fpdf.php(1452): FPDF->Error('No page has bee...')
#1 /home/andipublisher/public_html/application_api/sertifikat/fpdf/fpdf.php(648): FPDF->_out('q 0.000 0.200 0...')
#2 /home/andipublisher/public_html/application_api/sertifikat/sertifikat-event.php(18): FPDF->Cell(286.99883333333, 10, 'Yohana M.A.Bana', 0, 0, 'C')
#3 /home/andipublisher/public_html/application_api/sertifikat/sertifikat-event.php(32): AddText(Object(FPDF), 'Yohana M.A.Bana', 0, 67, 'C', 'Times', 'B', 50, 0, 51, 102)
#4 {main}
  thrown in /home/andipublisher/public_html/application_api/sertifikat/fpdf/fpdf.php on line 271
[19-May-2022 10:22:37 ASIA/JAKARTA] PHP Fatal error:  Uncaught Error: Using $this when not in object context in /home/andipublisher/public_html/application_api/sertifikat/sertifikat-event.php:24
Stack trace:
#0 {main}
  thrown in /home/andipublisher/public_html/application_api/sertifikat/sertifikat-event.php on line 24
[19-May-2022 15:34:28 ASIA/JAKARTA] PHP Fatal error:  Uncaught Exception: FPDF error: Image file has no extension and no type was specified: template/ in /home/andipublisher/public_html/application_api/sertifikat/fpdf/fpdf.php:271
Stack trace:
#0 /home/andipublisher/public_html/application_api/sertifikat/fpdf/fpdf.php(881): FPDF->Error('Image file has ...')
#1 /home/andipublisher/public_html/application_api/sertifikat/sertifikat-event.php(41): FPDF->Image('template/', 0, 0, 0)
#2 {main}
  thrown in /home/andipublisher/public_html/application_api/sertifikat/fpdf/fpdf.php on line 271
[19-May-2022 15:34:56 ASIA/JAKARTA] PHP Fatal error:  Uncaught Exception: FPDF error: Image file has no extension and no type was specified: template/ in /home/andipublisher/public_html/application_api/sertifikat/fpdf/fpdf.php:271
Stack trace:
#0 /home/andipublisher/public_html/application_api/sertifikat/fpdf/fpdf.php(881): FPDF->Error('Image file has ...')
#1 /home/andipublisher/public_html/application_api/sertifikat/sertifikat-event.php(41): FPDF->Image('template/', 0, 0, 0)
#2 {main}
  thrown in /home/andipublisher/public_html/application_api/sertifikat/fpdf/fpdf.php on line 271
[19-May-2022 15:36:23 ASIA/JAKARTA] PHP Fatal error:  Uncaught Exception: FPDF error: Image file has no extension and no type was specified: template/ in /home/andipublisher/public_html/application_api/sertifikat/fpdf/fpdf.php:271
Stack trace:
#0 /home/andipublisher/public_html/application_api/sertifikat/fpdf/fpdf.php(881): FPDF->Error('Image file has ...')
#1 /home/andipublisher/public_html/application_api/sertifikat/sertifikat-event.php(41): FPDF->Image('template/', 0, 0, 0)
#2 {main}
  thrown in /home/andipublisher/public_html/application_api/sertifikat/fpdf/fpdf.php on line 271
[19-May-2022 15:36:50 ASIA/JAKARTA] PHP Fatal error:  Uncaught Exception: FPDF error: Image file has no extension and no type was specified: template/ in /home/andipublisher/public_html/application_api/sertifikat/fpdf/fpdf.php:271
Stack trace:
#0 /home/andipublisher/public_html/application_api/sertifikat/fpdf/fpdf.php(881): FPDF->Error('Image file has ...')
#1 /home/andipublisher/public_html/application_api/sertifikat/sertifikat-event.php(41): FPDF->Image('template/', 0, 0, 0)
#2 {main}
  thrown in /home/andipublisher/public_html/application_api/sertifikat/fpdf/fpdf.php on line 271
[19-May-2022 15:36:59 ASIA/JAKARTA] PHP Fatal error:  Uncaught Exception: FPDF error: Image file has no extension and no type was specified: template/ in /home/andipublisher/public_html/application_api/sertifikat/fpdf/fpdf.php:271
Stack trace:
#0 /home/andipublisher/public_html/application_api/sertifikat/fpdf/fpdf.php(881): FPDF->Error('Image file has ...')
#1 /home/andipublisher/public_html/application_api/sertifikat/sertifikat-event.php(41): FPDF->Image('template/', 0, 0, 0)
#2 {main}
  thrown in /home/andipublisher/public_html/application_api/sertifikat/fpdf/fpdf.php on line 271
[19-May-2022 15:37:47 ASIA/JAKARTA] PHP Fatal error:  Uncaught Exception: FPDF error: Image file has no extension and no type was specified: template/ in /home/andipublisher/public_html/application_api/sertifikat/fpdf/fpdf.php:271
Stack trace:
#0 /home/andipublisher/public_html/application_api/sertifikat/fpdf/fpdf.php(881): FPDF->Error('Image file has ...')
#1 /home/andipublisher/public_html/application_api/sertifikat/sertifikat-event.php(41): FPDF->Image('template/', 0, 0, 0)
#2 {main}
  thrown in /home/andipublisher/public_html/application_api/sertifikat/fpdf/fpdf.php on line 271
[19-May-2022 15:42:32 ASIA/JAKARTA] PHP Fatal error:  Uncaught Exception: FPDF error: Image file has no extension and no type was specified: template/ in /home/andipublisher/public_html/application_api/sertifikat/fpdf/fpdf.php:271
Stack trace:
#0 /home/andipublisher/public_html/application_api/sertifikat/fpdf/fpdf.php(881): FPDF->Error('Image file has ...')
#1 /home/andipublisher/public_html/application_api/sertifikat/sertifikat-event.php(41): FPDF->Image('template/', 0, 0, 0)
#2 {main}
  thrown in /home/andipublisher/public_html/application_api/sertifikat/fpdf/fpdf.php on line 271
[19-May-2022 15:42:41 ASIA/JAKARTA] PHP Fatal error:  Uncaught Exception: FPDF error: Image file has no extension and no type was specified: template/ in /home/andipublisher/public_html/application_api/sertifikat/fpdf/fpdf.php:271
Stack trace:
#0 /home/andipublisher/public_html/application_api/sertifikat/fpdf/fpdf.php(881): FPDF->Error('Image file has ...')
#1 /home/andipublisher/public_html/application_api/sertifikat/sertifikat-event.php(41): FPDF->Image('template/', 0, 0, 0)
#2 {main}
  thrown in /home/andipublisher/public_html/application_api/sertifikat/fpdf/fpdf.php on line 271
[19-May-2022 15:43:18 ASIA/JAKARTA] PHP Fatal error:  Uncaught Exception: FPDF error: Image file has no extension and no type was specified: template/ in /home/andipublisher/public_html/application_api/sertifikat/fpdf/fpdf.php:271
Stack trace:
#0 /home/andipublisher/public_html/application_api/sertifikat/fpdf/fpdf.php(881): FPDF->Error('Image file has ...')
#1 /home/andipublisher/public_html/application_api/sertifikat/sertifikat-event.php(41): FPDF->Image('template/', 0, 0, 0)
#2 {main}
  thrown in /home/andipublisher/public_html/application_api/sertifikat/fpdf/fpdf.php on line 271
[19-May-2022 15:43:19 ASIA/JAKARTA] PHP Fatal error:  Uncaught Exception: FPDF error: Image file has no extension and no type was specified: template/ in /home/andipublisher/public_html/application_api/sertifikat/fpdf/fpdf.php:271
Stack trace:
#0 /home/andipublisher/public_html/application_api/sertifikat/fpdf/fpdf.php(881): FPDF->Error('Image file has ...')
#1 /home/andipublisher/public_html/application_api/sertifikat/sertifikat-event.php(41): FPDF->Image('template/', 0, 0, 0)
#2 {main}
  thrown in /home/andipublisher/public_html/application_api/sertifikat/fpdf/fpdf.php on line 271
[19-May-2022 15:43:20 ASIA/JAKARTA] PHP Fatal error:  Uncaught Exception: FPDF error: Image file has no extension and no type was specified: template/ in /home/andipublisher/public_html/application_api/sertifikat/fpdf/fpdf.php:271
Stack trace:
#0 /home/andipublisher/public_html/application_api/sertifikat/fpdf/fpdf.php(881): FPDF->Error('Image file has ...')
#1 /home/andipublisher/public_html/application_api/sertifikat/sertifikat-event.php(41): FPDF->Image('template/', 0, 0, 0)
#2 {main}
  thrown in /home/andipublisher/public_html/application_api/sertifikat/fpdf/fpdf.php on line 271
[19-May-2022 16:29:01 ASIA/JAKARTA] PHP Fatal error:  Uncaught Exception: FPDF error: Image file has no extension and no type was specified: template/ in /home/andipublisher/public_html/application_api/sertifikat/fpdf/fpdf.php:271
Stack trace:
#0 /home/andipublisher/public_html/application_api/sertifikat/fpdf/fpdf.php(881): FPDF->Error('Image file has ...')
#1 /home/andipublisher/public_html/application_api/sertifikat/sertifikat-event.php(41): FPDF->Image('template/', 0, 0, 0)
#2 {main}
  thrown in /home/andipublisher/public_html/application_api/sertifikat/fpdf/fpdf.php on line 271
[19-May-2022 16:29:35 ASIA/JAKARTA] PHP Fatal error:  Uncaught Exception: FPDF error: Image file has no extension and no type was specified: template/ in /home/andipublisher/public_html/application_api/sertifikat/fpdf/fpdf.php:271
Stack trace:
#0 /home/andipublisher/public_html/application_api/sertifikat/fpdf/fpdf.php(881): FPDF->Error('Image file has ...')
#1 /home/andipublisher/public_html/application_api/sertifikat/sertifikat-event.php(41): FPDF->Image('template/', 0, 0, 0)
#2 {main}
  thrown in /home/andipublisher/public_html/application_api/sertifikat/fpdf/fpdf.php on line 271
[19-May-2022 16:31:22 ASIA/JAKARTA] PHP Fatal error:  Uncaught Exception: FPDF error: Image file has no extension and no type was specified: template/ in /home/andipublisher/public_html/application_api/sertifikat/fpdf/fpdf.php:271
Stack trace:
#0 /home/andipublisher/public_html/application_api/sertifikat/fpdf/fpdf.php(881): FPDF->Error('Image file has ...')
#1 /home/andipublisher/public_html/application_api/sertifikat/sertifikat-event.php(41): FPDF->Image('template/', 0, 0, 0)
#2 {main}
  thrown in /home/andipublisher/public_html/application_api/sertifikat/fpdf/fpdf.php on line 271
[19-May-2022 17:49:13 ASIA/JAKARTA] PHP Fatal error:  Uncaught Exception: FPDF error: Image file has no extension and no type was specified: template/ in /home/andipublisher/public_html/application_api/sertifikat/fpdf/fpdf.php:271
Stack trace:
#0 /home/andipublisher/public_html/application_api/sertifikat/fpdf/fpdf.php(881): FPDF->Error('Image file has ...')
#1 /home/andipublisher/public_html/application_api/sertifikat/sertifikat-event.php(41): FPDF->Image('template/', 0, 0, 0)
#2 {main}
  thrown in /home/andipublisher/public_html/application_api/sertifikat/fpdf/fpdf.php on line 271
[19-May-2022 17:49:25 ASIA/JAKARTA] PHP Fatal error:  Uncaught Exception: FPDF error: Image file has no extension and no type was specified: template/ in /home/andipublisher/public_html/application_api/sertifikat/fpdf/fpdf.php:271
Stack trace:
#0 /home/andipublisher/public_html/application_api/sertifikat/fpdf/fpdf.php(881): FPDF->Error('Image file has ...')
#1 /home/andipublisher/public_html/application_api/sertifikat/sertifikat-event.php(41): FPDF->Image('template/', 0, 0, 0)
#2 {main}
  thrown in /home/andipublisher/public_html/application_api/sertifikat/fpdf/fpdf.php on line 271
[19-May-2022 17:49:47 ASIA/JAKARTA] PHP Fatal error:  Uncaught Exception: FPDF error: Image file has no extension and no type was specified: template/ in /home/andipublisher/public_html/application_api/sertifikat/fpdf/fpdf.php:271
Stack trace:
#0 /home/andipublisher/public_html/application_api/sertifikat/fpdf/fpdf.php(881): FPDF->Error('Image file has ...')
#1 /home/andipublisher/public_html/application_api/sertifikat/sertifikat-event.php(41): FPDF->Image('template/', 0, 0, 0)
#2 {main}
  thrown in /home/andipublisher/public_html/application_api/sertifikat/fpdf/fpdf.php on line 271
[19-May-2022 17:49:54 ASIA/JAKARTA] PHP Fatal error:  Uncaught Exception: FPDF error: Image file has no extension and no type was specified: template/ in /home/andipublisher/public_html/application_api/sertifikat/fpdf/fpdf.php:271
Stack trace:
#0 /home/andipublisher/public_html/application_api/sertifikat/fpdf/fpdf.php(881): FPDF->Error('Image file has ...')
#1 /home/andipublisher/public_html/application_api/sertifikat/sertifikat-event.php(41): FPDF->Image('template/', 0, 0, 0)
#2 {main}
  thrown in /home/andipublisher/public_html/application_api/sertifikat/fpdf/fpdf.php on line 271
[20-May-2022 06:52:59 ASIA/JAKARTA] PHP Fatal error:  Uncaught Exception: FPDF error: Image file has no extension and no type was specified: template/ in /home/andipublisher/public_html/application_api/sertifikat/fpdf/fpdf.php:271
Stack trace:
#0 /home/andipublisher/public_html/application_api/sertifikat/fpdf/fpdf.php(881): FPDF->Error('Image file has ...')
#1 /home/andipublisher/public_html/application_api/sertifikat/sertifikat-event.php(41): FPDF->Image('template/', 0, 0, 0)
#2 {main}
  thrown in /home/andipublisher/public_html/application_api/sertifikat/fpdf/fpdf.php on line 271
[20-May-2022 08:49:17 ASIA/JAKARTA] PHP Fatal error:  Uncaught Exception: FPDF error: Image file has no extension and no type was specified: template/ in /home/andipublisher/public_html/application_api/sertifikat/fpdf/fpdf.php:271
Stack trace:
#0 /home/andipublisher/public_html/application_api/sertifikat/fpdf/fpdf.php(881): FPDF->Error('Image file has ...')
#1 /home/andipublisher/public_html/application_api/sertifikat/sertifikat-event.php(41): FPDF->Image('template/', 0, 0, 0)
#2 {main}
  thrown in /home/andipublisher/public_html/application_api/sertifikat/fpdf/fpdf.php on line 271
[20-May-2022 08:49:32 ASIA/JAKARTA] PHP Fatal error:  Uncaught Exception: FPDF error: Image file has no extension and no type was specified: template/ in /home/andipublisher/public_html/application_api/sertifikat/fpdf/fpdf.php:271
Stack trace:
#0 /home/andipublisher/public_html/application_api/sertifikat/fpdf/fpdf.php(881): FPDF->Error('Image file has ...')
#1 /home/andipublisher/public_html/application_api/sertifikat/sertifikat-event.php(41): FPDF->Image('template/', 0, 0, 0)
#2 {main}
  thrown in /home/andipublisher/public_html/application_api/sertifikat/fpdf/fpdf.php on line 271
[20-May-2022 08:50:35 ASIA/JAKARTA] PHP Fatal error:  Uncaught Exception: FPDF error: Image file has no extension and no type was specified: template/ in /home/andipublisher/public_html/application_api/sertifikat/fpdf/fpdf.php:271
Stack trace:
#0 /home/andipublisher/public_html/application_api/sertifikat/fpdf/fpdf.php(881): FPDF->Error('Image file has ...')
#1 /home/andipublisher/public_html/application_api/sertifikat/sertifikat-event.php(41): FPDF->Image('template/', 0, 0, 0)
#2 {main}
  thrown in /home/andipublisher/public_html/application_api/sertifikat/fpdf/fpdf.php on line 271
[20-May-2022 09:15:36 ASIA/JAKARTA] PHP Fatal error:  Uncaught Exception: FPDF error: Image file has no extension and no type was specified: template/ in /home/andipublisher/public_html/application_api/sertifikat/fpdf/fpdf.php:271
Stack trace:
#0 /home/andipublisher/public_html/application_api/sertifikat/fpdf/fpdf.php(881): FPDF->Error('Image file has ...')
#1 /home/andipublisher/public_html/application_api/sertifikat/sertifikat-event.php(41): FPDF->Image('template/', 0, 0, 0)
#2 {main}
  thrown in /home/andipublisher/public_html/application_api/sertifikat/fpdf/fpdf.php on line 271
[20-May-2022 11:09:55 ASIA/JAKARTA] PHP Fatal error:  Uncaught Exception: FPDF error: Image file has no extension and no type was specified: template/ in /home/andipublisher/public_html/application_api/sertifikat/fpdf/fpdf.php:271
Stack trace:
#0 /home/andipublisher/public_html/application_api/sertifikat/fpdf/fpdf.php(881): FPDF->Error('Image file has ...')
#1 /home/andipublisher/public_html/application_api/sertifikat/sertifikat-event.php(41): FPDF->Image('template/', 0, 0, 0)
#2 {main}
  thrown in /home/andipublisher/public_html/application_api/sertifikat/fpdf/fpdf.php on line 271
[20-May-2022 11:10:01 ASIA/JAKARTA] PHP Fatal error:  Uncaught Exception: FPDF error: Image file has no extension and no type was specified: template/ in /home/andipublisher/public_html/application_api/sertifikat/fpdf/fpdf.php:271
Stack trace:
#0 /home/andipublisher/public_html/application_api/sertifikat/fpdf/fpdf.php(881): FPDF->Error('Image file has ...')
#1 /home/andipublisher/public_html/application_api/sertifikat/sertifikat-event.php(41): FPDF->Image('template/', 0, 0, 0)
#2 {main}
  thrown in /home/andipublisher/public_html/application_api/sertifikat/fpdf/fpdf.php on line 271
[20-May-2022 11:10:13 ASIA/JAKARTA] PHP Fatal error:  Uncaught Exception: FPDF error: Image file has no extension and no type was specified: template/ in /home/andipublisher/public_html/application_api/sertifikat/fpdf/fpdf.php:271
Stack trace:
#0 /home/andipublisher/public_html/application_api/sertifikat/fpdf/fpdf.php(881): FPDF->Error('Image file has ...')
#1 /home/andipublisher/public_html/application_api/sertifikat/sertifikat-event.php(41): FPDF->Image('template/', 0, 0, 0)
#2 {main}
  thrown in /home/andipublisher/public_html/application_api/sertifikat/fpdf/fpdf.php on line 271
[20-May-2022 11:23:04 ASIA/JAKARTA] PHP Fatal error:  Uncaught Exception: FPDF error: Image file has no extension and no type was specified: template/ in /home/andipublisher/public_html/application_api/sertifikat/fpdf/fpdf.php:271
Stack trace:
#0 /home/andipublisher/public_html/application_api/sertifikat/fpdf/fpdf.php(881): FPDF->Error('Image file has ...')
#1 /home/andipublisher/public_html/application_api/sertifikat/sertifikat-event.php(41): FPDF->Image('template/', 0, 0, 0)
#2 {main}
  thrown in /home/andipublisher/public_html/application_api/sertifikat/fpdf/fpdf.php on line 271
[20-May-2022 11:24:58 ASIA/JAKARTA] PHP Fatal error:  Uncaught Exception: FPDF error: Image file has no extension and no type was specified: template/ in /home/andipublisher/public_html/application_api/sertifikat/fpdf/fpdf.php:271
Stack trace:
#0 /home/andipublisher/public_html/application_api/sertifikat/fpdf/fpdf.php(881): FPDF->Error('Image file has ...')
#1 /home/andipublisher/public_html/application_api/sertifikat/sertifikat-event.php(41): FPDF->Image('template/', 0, 0, 0)
#2 {main}
  thrown in /home/andipublisher/public_html/application_api/sertifikat/fpdf/fpdf.php on line 271
[20-May-2022 11:25:11 ASIA/JAKARTA] PHP Fatal error:  Uncaught Exception: FPDF error: Image file has no extension and no type was specified: template/ in /home/andipublisher/public_html/application_api/sertifikat/fpdf/fpdf.php:271
Stack trace:
#0 /home/andipublisher/public_html/application_api/sertifikat/fpdf/fpdf.php(881): FPDF->Error('Image file has ...')
#1 /home/andipublisher/public_html/application_api/sertifikat/sertifikat-event.php(41): FPDF->Image('template/', 0, 0, 0)
#2 {main}
  thrown in /home/andipublisher/public_html/application_api/sertifikat/fpdf/fpdf.php on line 271
[20-May-2022 11:25:18 ASIA/JAKARTA] PHP Fatal error:  Uncaught Exception: FPDF error: Image file has no extension and no type was specified: template/ in /home/andipublisher/public_html/application_api/sertifikat/fpdf/fpdf.php:271
Stack trace:
#0 /home/andipublisher/public_html/application_api/sertifikat/fpdf/fpdf.php(881): FPDF->Error('Image file has ...')
#1 /home/andipublisher/public_html/application_api/sertifikat/sertifikat-event.php(41): FPDF->Image('template/', 0, 0, 0)
#2 {main}
  thrown in /home/andipublisher/public_html/application_api/sertifikat/fpdf/fpdf.php on line 271
[20-May-2022 11:25:48 ASIA/JAKARTA] PHP Fatal error:  Uncaught Exception: FPDF error: Image file has no extension and no type was specified: template/ in /home/andipublisher/public_html/application_api/sertifikat/fpdf/fpdf.php:271
Stack trace:
#0 /home/andipublisher/public_html/application_api/sertifikat/fpdf/fpdf.php(881): FPDF->Error('Image file has ...')
#1 /home/andipublisher/public_html/application_api/sertifikat/sertifikat-event.php(41): FPDF->Image('template/', 0, 0, 0)
#2 {main}
  thrown in /home/andipublisher/public_html/application_api/sertifikat/fpdf/fpdf.php on line 271
[20-May-2022 11:27:09 ASIA/JAKARTA] PHP Fatal error:  Uncaught Exception: FPDF error: Image file has no extension and no type was specified: template/ in /home/andipublisher/public_html/application_api/sertifikat/fpdf/fpdf.php:271
Stack trace:
#0 /home/andipublisher/public_html/application_api/sertifikat/fpdf/fpdf.php(881): FPDF->Error('Image file has ...')
#1 /home/andipublisher/public_html/application_api/sertifikat/sertifikat-event.php(41): FPDF->Image('template/', 0, 0, 0)
#2 {main}
  thrown in /home/andipublisher/public_html/application_api/sertifikat/fpdf/fpdf.php on line 271
[20-May-2022 11:27:26 ASIA/JAKARTA] PHP Fatal error:  Uncaught Exception: FPDF error: Image file has no extension and no type was specified: template/ in /home/andipublisher/public_html/application_api/sertifikat/fpdf/fpdf.php:271
Stack trace:
#0 /home/andipublisher/public_html/application_api/sertifikat/fpdf/fpdf.php(881): FPDF->Error('Image file has ...')
#1 /home/andipublisher/public_html/application_api/sertifikat/sertifikat-event.php(41): FPDF->Image('template/', 0, 0, 0)
#2 {main}
  thrown in /home/andipublisher/public_html/application_api/sertifikat/fpdf/fpdf.php on line 271
[20-May-2022 11:27:34 ASIA/JAKARTA] PHP Fatal error:  Uncaught Exception: FPDF error: Image file has no extension and no type was specified: template/ in /home/andipublisher/public_html/application_api/sertifikat/fpdf/fpdf.php:271
Stack trace:
#0 /home/andipublisher/public_html/application_api/sertifikat/fpdf/fpdf.php(881): FPDF->Error('Image file has ...')
#1 /home/andipublisher/public_html/application_api/sertifikat/sertifikat-event.php(41): FPDF->Image('template/', 0, 0, 0)
#2 {main}
  thrown in /home/andipublisher/public_html/application_api/sertifikat/fpdf/fpdf.php on line 271
[20-May-2022 11:27:37 ASIA/JAKARTA] PHP Fatal error:  Uncaught Exception: FPDF error: Image file has no extension and no type was specified: template/ in /home/andipublisher/public_html/application_api/sertifikat/fpdf/fpdf.php:271
Stack trace:
#0 /home/andipublisher/public_html/application_api/sertifikat/fpdf/fpdf.php(881): FPDF->Error('Image file has ...')
#1 /home/andipublisher/public_html/application_api/sertifikat/sertifikat-event.php(41): FPDF->Image('template/', 0, 0, 0)
#2 {main}
  thrown in /home/andipublisher/public_html/application_api/sertifikat/fpdf/fpdf.php on line 271
[20-May-2022 11:27:45 ASIA/JAKARTA] PHP Fatal error:  Uncaught Exception: FPDF error: Image file has no extension and no type was specified: template/ in /home/andipublisher/public_html/application_api/sertifikat/fpdf/fpdf.php:271
Stack trace:
#0 /home/andipublisher/public_html/application_api/sertifikat/fpdf/fpdf.php(881): FPDF->Error('Image file has ...')
#1 /home/andipublisher/public_html/application_api/sertifikat/sertifikat-event.php(41): FPDF->Image('template/', 0, 0, 0)
#2 {main}
  thrown in /home/andipublisher/public_html/application_api/sertifikat/fpdf/fpdf.php on line 271
[20-May-2022 11:27:49 ASIA/JAKARTA] PHP Fatal error:  Uncaught Exception: FPDF error: Image file has no extension and no type was specified: template/ in /home/andipublisher/public_html/application_api/sertifikat/fpdf/fpdf.php:271
Stack trace:
#0 /home/andipublisher/public_html/application_api/sertifikat/fpdf/fpdf.php(881): FPDF->Error('Image file has ...')
#1 /home/andipublisher/public_html/application_api/sertifikat/sertifikat-event.php(41): FPDF->Image('template/', 0, 0, 0)
#2 {main}
  thrown in /home/andipublisher/public_html/application_api/sertifikat/fpdf/fpdf.php on line 271
[20-May-2022 11:28:22 ASIA/JAKARTA] PHP Fatal error:  Uncaught Exception: FPDF error: Image file has no extension and no type was specified: template/ in /home/andipublisher/public_html/application_api/sertifikat/fpdf/fpdf.php:271
Stack trace:
#0 /home/andipublisher/public_html/application_api/sertifikat/fpdf/fpdf.php(881): FPDF->Error('Image file has ...')
#1 /home/andipublisher/public_html/application_api/sertifikat/sertifikat-event.php(41): FPDF->Image('template/', 0, 0, 0)
#2 {main}
  thrown in /home/andipublisher/public_html/application_api/sertifikat/fpdf/fpdf.php on line 271
[20-May-2022 11:29:17 ASIA/JAKARTA] PHP Fatal error:  Uncaught Exception: FPDF error: Image file has no extension and no type was specified: template/ in /home/andipublisher/public_html/application_api/sertifikat/fpdf/fpdf.php:271
Stack trace:
#0 /home/andipublisher/public_html/application_api/sertifikat/fpdf/fpdf.php(881): FPDF->Error('Image file has ...')
#1 /home/andipublisher/public_html/application_api/sertifikat/sertifikat-event.php(41): FPDF->Image('template/', 0, 0, 0)
#2 {main}
  thrown in /home/andipublisher/public_html/application_api/sertifikat/fpdf/fpdf.php on line 271
[20-May-2022 11:33:07 ASIA/JAKARTA] PHP Fatal error:  Uncaught Exception: FPDF error: Image file has no extension and no type was specified: template/ in /home/andipublisher/public_html/application_api/sertifikat/fpdf/fpdf.php:271
Stack trace:
#0 /home/andipublisher/public_html/application_api/sertifikat/fpdf/fpdf.php(881): FPDF->Error('Image file has ...')
#1 /home/andipublisher/public_html/application_api/sertifikat/sertifikat-event.php(41): FPDF->Image('template/', 0, 0, 0)
#2 {main}
  thrown in /home/andipublisher/public_html/application_api/sertifikat/fpdf/fpdf.php on line 271
[20-May-2022 11:33:12 ASIA/JAKARTA] PHP Fatal error:  Uncaught Exception: FPDF error: Image file has no extension and no type was specified: template/ in /home/andipublisher/public_html/application_api/sertifikat/fpdf/fpdf.php:271
Stack trace:
#0 /home/andipublisher/public_html/application_api/sertifikat/fpdf/fpdf.php(881): FPDF->Error('Image file has ...')
#1 /home/andipublisher/public_html/application_api/sertifikat/sertifikat-event.php(41): FPDF->Image('template/', 0, 0, 0)
#2 {main}
  thrown in /home/andipublisher/public_html/application_api/sertifikat/fpdf/fpdf.php on line 271
[20-May-2022 11:35:32 ASIA/JAKARTA] PHP Fatal error:  Uncaught Exception: FPDF error: Image file has no extension and no type was specified: template/ in /home/andipublisher/public_html/application_api/sertifikat/fpdf/fpdf.php:271
Stack trace:
#0 /home/andipublisher/public_html/application_api/sertifikat/fpdf/fpdf.php(881): FPDF->Error('Image file has ...')
#1 /home/andipublisher/public_html/application_api/sertifikat/sertifikat-event.php(41): FPDF->Image('template/', 0, 0, 0)
#2 {main}
  thrown in /home/andipublisher/public_html/application_api/sertifikat/fpdf/fpdf.php on line 271
[20-May-2022 11:35:59 ASIA/JAKARTA] PHP Fatal error:  Uncaught Exception: FPDF error: Image file has no extension and no type was specified: template/ in /home/andipublisher/public_html/application_api/sertifikat/fpdf/fpdf.php:271
Stack trace:
#0 /home/andipublisher/public_html/application_api/sertifikat/fpdf/fpdf.php(881): FPDF->Error('Image file has ...')
#1 /home/andipublisher/public_html/application_api/sertifikat/sertifikat-event.php(41): FPDF->Image('template/', 0, 0, 0)
#2 {main}
  thrown in /home/andipublisher/public_html/application_api/sertifikat/fpdf/fpdf.php on line 271
[20-May-2022 11:36:12 ASIA/JAKARTA] PHP Fatal error:  Uncaught Exception: FPDF error: Image file has no extension and no type was specified: template/ in /home/andipublisher/public_html/application_api/sertifikat/fpdf/fpdf.php:271
Stack trace:
#0 /home/andipublisher/public_html/application_api/sertifikat/fpdf/fpdf.php(881): FPDF->Error('Image file has ...')
#1 /home/andipublisher/public_html/application_api/sertifikat/sertifikat-event.php(41): FPDF->Image('template/', 0, 0, 0)
#2 {main}
  thrown in /home/andipublisher/public_html/application_api/sertifikat/fpdf/fpdf.php on line 271
[20-May-2022 11:36:32 ASIA/JAKARTA] PHP Fatal error:  Uncaught Exception: FPDF error: Image file has no extension and no type was specified: template/ in /home/andipublisher/public_html/application_api/sertifikat/fpdf/fpdf.php:271
Stack trace:
#0 /home/andipublisher/public_html/application_api/sertifikat/fpdf/fpdf.php(881): FPDF->Error('Image file has ...')
#1 /home/andipublisher/public_html/application_api/sertifikat/sertifikat-event.php(41): FPDF->Image('template/', 0, 0, 0)
#2 {main}
  thrown in /home/andipublisher/public_html/application_api/sertifikat/fpdf/fpdf.php on line 271
[20-May-2022 11:38:34 ASIA/JAKARTA] PHP Fatal error:  Uncaught Exception: FPDF error: Image file has no extension and no type was specified: template/ in /home/andipublisher/public_html/application_api/sertifikat/fpdf/fpdf.php:271
Stack trace:
#0 /home/andipublisher/public_html/application_api/sertifikat/fpdf/fpdf.php(881): FPDF->Error('Image file has ...')
#1 /home/andipublisher/public_html/application_api/sertifikat/sertifikat-event.php(41): FPDF->Image('template/', 0, 0, 0)
#2 {main}
  thrown in /home/andipublisher/public_html/application_api/sertifikat/fpdf/fpdf.php on line 271
[20-May-2022 11:38:50 ASIA/JAKARTA] PHP Fatal error:  Uncaught Exception: FPDF error: Image file has no extension and no type was specified: template/ in /home/andipublisher/public_html/application_api/sertifikat/fpdf/fpdf.php:271
Stack trace:
#0 /home/andipublisher/public_html/application_api/sertifikat/fpdf/fpdf.php(881): FPDF->Error('Image file has ...')
#1 /home/andipublisher/public_html/application_api/sertifikat/sertifikat-event.php(41): FPDF->Image('template/', 0, 0, 0)
#2 {main}
  thrown in /home/andipublisher/public_html/application_api/sertifikat/fpdf/fpdf.php on line 271
[20-May-2022 11:39:41 ASIA/JAKARTA] PHP Fatal error:  Uncaught Exception: FPDF error: Image file has no extension and no type was specified: template/ in /home/andipublisher/public_html/application_api/sertifikat/fpdf/fpdf.php:271
Stack trace:
#0 /home/andipublisher/public_html/application_api/sertifikat/fpdf/fpdf.php(881): FPDF->Error('Image file has ...')
#1 /home/andipublisher/public_html/application_api/sertifikat/sertifikat-event.php(41): FPDF->Image('template/', 0, 0, 0)
#2 {main}
  thrown in /home/andipublisher/public_html/application_api/sertifikat/fpdf/fpdf.php on line 271
[20-May-2022 11:54:41 ASIA/JAKARTA] PHP Fatal error:  Uncaught Exception: FPDF error: Image file has no extension and no type was specified: template/ in /home/andipublisher/public_html/application_api/sertifikat/fpdf/fpdf.php:271
Stack trace:
#0 /home/andipublisher/public_html/application_api/sertifikat/fpdf/fpdf.php(881): FPDF->Error('Image file has ...')
#1 /home/andipublisher/public_html/application_api/sertifikat/sertifikat-event.php(41): FPDF->Image('template/', 0, 0, 0)
#2 {main}
  thrown in /home/andipublisher/public_html/application_api/sertifikat/fpdf/fpdf.php on line 271
[20-May-2022 12:27:48 ASIA/JAKARTA] PHP Fatal error:  Uncaught Exception: FPDF error: Image file has no extension and no type was specified: template/ in /home/andipublisher/public_html/application_api/sertifikat/fpdf/fpdf.php:271
Stack trace:
#0 /home/andipublisher/public_html/application_api/sertifikat/fpdf/fpdf.php(881): FPDF->Error('Image file has ...')
#1 /home/andipublisher/public_html/application_api/sertifikat/sertifikat-event.php(41): FPDF->Image('template/', 0, 0, 0)
#2 {main}
  thrown in /home/andipublisher/public_html/application_api/sertifikat/fpdf/fpdf.php on line 271
[21-May-2022 22:00:35 ASIA/JAKARTA] PHP Fatal error:  Uncaught Exception: FPDF error: Image file has no extension and no type was specified: template/ in /home/andipublisher/public_html/application_api/sertifikat/fpdf/fpdf.php:271
Stack trace:
#0 /home/andipublisher/public_html/application_api/sertifikat/fpdf/fpdf.php(881): FPDF->Error('Image file has ...')
#1 /home/andipublisher/public_html/application_api/sertifikat/sertifikat-event.php(41): FPDF->Image('template/', 0, 0, 0)
#2 {main}
  thrown in /home/andipublisher/public_html/application_api/sertifikat/fpdf/fpdf.php on line 271
[22-May-2022 05:45:55 ASIA/JAKARTA] PHP Fatal error:  Uncaught Exception: FPDF error: Image file has no extension and no type was specified: template/ in /home/andipublisher/public_html/application_api/sertifikat/fpdf/fpdf.php:271
Stack trace:
#0 /home/andipublisher/public_html/application_api/sertifikat/fpdf/fpdf.php(881): FPDF->Error('Image file has ...')
#1 /home/andipublisher/public_html/application_api/sertifikat/sertifikat-event.php(41): FPDF->Image('template/', 0, 0, 0)
#2 {main}
  thrown in /home/andipublisher/public_html/application_api/sertifikat/fpdf/fpdf.php on line 271
[22-May-2022 05:46:18 ASIA/JAKARTA] PHP Fatal error:  Uncaught Exception: FPDF error: Image file has no extension and no type was specified: template/ in /home/andipublisher/public_html/application_api/sertifikat/fpdf/fpdf.php:271
Stack trace:
#0 /home/andipublisher/public_html/application_api/sertifikat/fpdf/fpdf.php(881): FPDF->Error('Image file has ...')
#1 /home/andipublisher/public_html/application_api/sertifikat/sertifikat-event.php(41): FPDF->Image('template/', 0, 0, 0)
#2 {main}
  thrown in /home/andipublisher/public_html/application_api/sertifikat/fpdf/fpdf.php on line 271
[23-May-2022 09:38:25 ASIA/JAKARTA] PHP Fatal error:  Uncaught Exception: FPDF error: Image file has no extension and no type was specified: template/ in /home/andipublisher/public_html/application_api/sertifikat/fpdf/fpdf.php:271
Stack trace:
#0 /home/andipublisher/public_html/application_api/sertifikat/fpdf/fpdf.php(881): FPDF->Error('Image file has ...')
#1 /home/andipublisher/public_html/application_api/sertifikat/sertifikat-event.php(41): FPDF->Image('template/', 0, 0, 0)
#2 {main}
  thrown in /home/andipublisher/public_html/application_api/sertifikat/fpdf/fpdf.php on line 271
[23-May-2022 10:18:28 ASIA/JAKARTA] PHP Fatal error:  Uncaught Exception: FPDF error: Image file has no extension and no type was specified: template/ in /home/andipublisher/public_html/application_api/sertifikat/fpdf/fpdf.php:271
Stack trace:
#0 /home/andipublisher/public_html/application_api/sertifikat/fpdf/fpdf.php(881): FPDF->Error('Image file has ...')
#1 /home/andipublisher/public_html/application_api/sertifikat/sertifikat-event.php(41): FPDF->Image('template/', 0, 0, 0)
#2 {main}
  thrown in /home/andipublisher/public_html/application_api/sertifikat/fpdf/fpdf.php on line 271
[23-May-2022 10:19:38 ASIA/JAKARTA] PHP Fatal error:  Uncaught Exception: FPDF error: Image file has no extension and no type was specified: template/ in /home/andipublisher/public_html/application_api/sertifikat/fpdf/fpdf.php:271
Stack trace:
#0 /home/andipublisher/public_html/application_api/sertifikat/fpdf/fpdf.php(881): FPDF->Error('Image file has ...')
#1 /home/andipublisher/public_html/application_api/sertifikat/sertifikat-event.php(41): FPDF->Image('template/', 0, 0, 0)
#2 {main}
  thrown in /home/andipublisher/public_html/application_api/sertifikat/fpdf/fpdf.php on line 271
[23-May-2022 10:19:54 ASIA/JAKARTA] PHP Fatal error:  Uncaught Exception: FPDF error: Image file has no extension and no type was specified: template/ in /home/andipublisher/public_html/application_api/sertifikat/fpdf/fpdf.php:271
Stack trace:
#0 /home/andipublisher/public_html/application_api/sertifikat/fpdf/fpdf.php(881): FPDF->Error('Image file has ...')
#1 /home/andipublisher/public_html/application_api/sertifikat/sertifikat-event.php(41): FPDF->Image('template/', 0, 0, 0)
#2 {main}
  thrown in /home/andipublisher/public_html/application_api/sertifikat/fpdf/fpdf.php on line 271
[23-May-2022 10:20:14 ASIA/JAKARTA] PHP Fatal error:  Uncaught Exception: FPDF error: Image file has no extension and no type was specified: template/ in /home/andipublisher/public_html/application_api/sertifikat/fpdf/fpdf.php:271
Stack trace:
#0 /home/andipublisher/public_html/application_api/sertifikat/fpdf/fpdf.php(881): FPDF->Error('Image file has ...')
#1 /home/andipublisher/public_html/application_api/sertifikat/sertifikat-event.php(41): FPDF->Image('template/', 0, 0, 0)
#2 {main}
  thrown in /home/andipublisher/public_html/application_api/sertifikat/fpdf/fpdf.php on line 271
[23-May-2022 10:20:33 ASIA/JAKARTA] PHP Fatal error:  Uncaught Exception: FPDF error: Image file has no extension and no type was specified: template/ in /home/andipublisher/public_html/application_api/sertifikat/fpdf/fpdf.php:271
Stack trace:
#0 /home/andipublisher/public_html/application_api/sertifikat/fpdf/fpdf.php(881): FPDF->Error('Image file has ...')
#1 /home/andipublisher/public_html/application_api/sertifikat/sertifikat-event.php(41): FPDF->Image('template/', 0, 0, 0)
#2 {main}
  thrown in /home/andipublisher/public_html/application_api/sertifikat/fpdf/fpdf.php on line 271
[23-May-2022 10:20:35 ASIA/JAKARTA] PHP Fatal error:  Uncaught Exception: FPDF error: Image file has no extension and no type was specified: template/ in /home/andipublisher/public_html/application_api/sertifikat/fpdf/fpdf.php:271
Stack trace:
#0 /home/andipublisher/public_html/application_api/sertifikat/fpdf/fpdf.php(881): FPDF->Error('Image file has ...')
#1 /home/andipublisher/public_html/application_api/sertifikat/sertifikat-event.php(41): FPDF->Image('template/', 0, 0, 0)
#2 {main}
  thrown in /home/andipublisher/public_html/application_api/sertifikat/fpdf/fpdf.php on line 271
[23-May-2022 10:20:42 ASIA/JAKARTA] PHP Fatal error:  Uncaught Exception: FPDF error: Image file has no extension and no type was specified: template/ in /home/andipublisher/public_html/application_api/sertifikat/fpdf/fpdf.php:271
Stack trace:
#0 /home/andipublisher/public_html/application_api/sertifikat/fpdf/fpdf.php(881): FPDF->Error('Image file has ...')
#1 /home/andipublisher/public_html/application_api/sertifikat/sertifikat-event.php(41): FPDF->Image('template/', 0, 0, 0)
#2 {main}
  thrown in /home/andipublisher/public_html/application_api/sertifikat/fpdf/fpdf.php on line 271
[23-May-2022 10:20:56 ASIA/JAKARTA] PHP Fatal error:  Uncaught Exception: FPDF error: Image file has no extension and no type was specified: template/ in /home/andipublisher/public_html/application_api/sertifikat/fpdf/fpdf.php:271
Stack trace:
#0 /home/andipublisher/public_html/application_api/sertifikat/fpdf/fpdf.php(881): FPDF->Error('Image file has ...')
#1 /home/andipublisher/public_html/application_api/sertifikat/sertifikat-event.php(41): FPDF->Image('template/', 0, 0, 0)
#2 {main}
  thrown in /home/andipublisher/public_html/application_api/sertifikat/fpdf/fpdf.php on line 271
[23-May-2022 10:21:10 ASIA/JAKARTA] PHP Fatal error:  Uncaught Exception: FPDF error: Image file has no extension and no type was specified: template/ in /home/andipublisher/public_html/application_api/sertifikat/fpdf/fpdf.php:271
Stack trace:
#0 /home/andipublisher/public_html/application_api/sertifikat/fpdf/fpdf.php(881): FPDF->Error('Image file has ...')
#1 /home/andipublisher/public_html/application_api/sertifikat/sertifikat-event.php(41): FPDF->Image('template/', 0, 0, 0)
#2 {main}
  thrown in /home/andipublisher/public_html/application_api/sertifikat/fpdf/fpdf.php on line 271
[23-May-2022 10:21:40 ASIA/JAKARTA] PHP Fatal error:  Uncaught Exception: FPDF error: Image file has no extension and no type was specified: template/ in /home/andipublisher/public_html/application_api/sertifikat/fpdf/fpdf.php:271
Stack trace:
#0 /home/andipublisher/public_html/application_api/sertifikat/fpdf/fpdf.php(881): FPDF->Error('Image file has ...')
#1 /home/andipublisher/public_html/application_api/sertifikat/sertifikat-event.php(41): FPDF->Image('template/', 0, 0, 0)
#2 {main}
  thrown in /home/andipublisher/public_html/application_api/sertifikat/fpdf/fpdf.php on line 271
[23-May-2022 10:22:50 ASIA/JAKARTA] PHP Fatal error:  Uncaught Exception: FPDF error: Image file has no extension and no type was specified: template/ in /home/andipublisher/public_html/application_api/sertifikat/fpdf/fpdf.php:271
Stack trace:
#0 /home/andipublisher/public_html/application_api/sertifikat/fpdf/fpdf.php(881): FPDF->Error('Image file has ...')
#1 /home/andipublisher/public_html/application_api/sertifikat/sertifikat-event.php(41): FPDF->Image('template/', 0, 0, 0)
#2 {main}
  thrown in /home/andipublisher/public_html/application_api/sertifikat/fpdf/fpdf.php on line 271
[23-May-2022 10:23:08 ASIA/JAKARTA] PHP Fatal error:  Uncaught Exception: FPDF error: Image file has no extension and no type was specified: template/ in /home/andipublisher/public_html/application_api/sertifikat/fpdf/fpdf.php:271
Stack trace:
#0 /home/andipublisher/public_html/application_api/sertifikat/fpdf/fpdf.php(881): FPDF->Error('Image file has ...')
#1 /home/andipublisher/public_html/application_api/sertifikat/sertifikat-event.php(41): FPDF->Image('template/', 0, 0, 0)
#2 {main}
  thrown in /home/andipublisher/public_html/application_api/sertifikat/fpdf/fpdf.php on line 271
[23-May-2022 10:33:52 ASIA/JAKARTA] PHP Fatal error:  Uncaught Exception: FPDF error: Image file has no extension and no type was specified: template/ in /home/andipublisher/public_html/application_api/sertifikat/fpdf/fpdf.php:271
Stack trace:
#0 /home/andipublisher/public_html/application_api/sertifikat/fpdf/fpdf.php(881): FPDF->Error('Image file has ...')
#1 /home/andipublisher/public_html/application_api/sertifikat/sertifikat-event.php(41): FPDF->Image('template/', 0, 0, 0)
#2 {main}
  thrown in /home/andipublisher/public_html/application_api/sertifikat/fpdf/fpdf.php on line 271
[23-May-2022 10:41:18 ASIA/JAKARTA] PHP Fatal error:  Uncaught Exception: FPDF error: Image file has no extension and no type was specified: template/ in /home/andipublisher/public_html/application_api/sertifikat/fpdf/fpdf.php:271
Stack trace:
#0 /home/andipublisher/public_html/application_api/sertifikat/fpdf/fpdf.php(881): FPDF->Error('Image file has ...')
#1 /home/andipublisher/public_html/application_api/sertifikat/sertifikat-event.php(41): FPDF->Image('template/', 0, 0, 0)
#2 {main}
  thrown in /home/andipublisher/public_html/application_api/sertifikat/fpdf/fpdf.php on line 271
[23-May-2022 13:18:57 ASIA/JAKARTA] PHP Fatal error:  Uncaught Exception: FPDF error: Image file has no extension and no type was specified: template/ in /home/andipublisher/public_html/application_api/sertifikat/fpdf/fpdf.php:271
Stack trace:
#0 /home/andipublisher/public_html/application_api/sertifikat/fpdf/fpdf.php(881): FPDF->Error('Image file has ...')
#1 /home/andipublisher/public_html/application_api/sertifikat/sertifikat-event.php(41): FPDF->Image('template/', 0, 0, 0)
#2 {main}
  thrown in /home/andipublisher/public_html/application_api/sertifikat/fpdf/fpdf.php on line 271
[23-May-2022 14:26:59 ASIA/JAKARTA] PHP Fatal error:  Uncaught Exception: FPDF error: Image file has no extension and no type was specified: template/ in /home/andipublisher/public_html/application_api/sertifikat/fpdf/fpdf.php:271
Stack trace:
#0 /home/andipublisher/public_html/application_api/sertifikat/fpdf/fpdf.php(881): FPDF->Error('Image file has ...')
#1 /home/andipublisher/public_html/application_api/sertifikat/sertifikat-event.php(41): FPDF->Image('template/', 0, 0, 0)
#2 {main}
  thrown in /home/andipublisher/public_html/application_api/sertifikat/fpdf/fpdf.php on line 271
[23-May-2022 14:27:13 ASIA/JAKARTA] PHP Fatal error:  Uncaught Exception: FPDF error: Image file has no extension and no type was specified: template/ in /home/andipublisher/public_html/application_api/sertifikat/fpdf/fpdf.php:271
Stack trace:
#0 /home/andipublisher/public_html/application_api/sertifikat/fpdf/fpdf.php(881): FPDF->Error('Image file has ...')
#1 /home/andipublisher/public_html/application_api/sertifikat/sertifikat-event.php(41): FPDF->Image('template/', 0, 0, 0)
#2 {main}
  thrown in /home/andipublisher/public_html/application_api/sertifikat/fpdf/fpdf.php on line 271
[23-May-2022 14:27:47 ASIA/JAKARTA] PHP Fatal error:  Uncaught Exception: FPDF error: Image file has no extension and no type was specified: template/ in /home/andipublisher/public_html/application_api/sertifikat/fpdf/fpdf.php:271
Stack trace:
#0 /home/andipublisher/public_html/application_api/sertifikat/fpdf/fpdf.php(881): FPDF->Error('Image file has ...')
#1 /home/andipublisher/public_html/application_api/sertifikat/sertifikat-event.php(41): FPDF->Image('template/', 0, 0, 0)
#2 {main}
  thrown in /home/andipublisher/public_html/application_api/sertifikat/fpdf/fpdf.php on line 271
[23-May-2022 14:27:58 ASIA/JAKARTA] PHP Fatal error:  Uncaught Exception: FPDF error: Image file has no extension and no type was specified: template/ in /home/andipublisher/public_html/application_api/sertifikat/fpdf/fpdf.php:271
Stack trace:
#0 /home/andipublisher/public_html/application_api/sertifikat/fpdf/fpdf.php(881): FPDF->Error('Image file has ...')
#1 /home/andipublisher/public_html/application_api/sertifikat/sertifikat-event.php(41): FPDF->Image('template/', 0, 0, 0)
#2 {main}
  thrown in /home/andipublisher/public_html/application_api/sertifikat/fpdf/fpdf.php on line 271
[23-May-2022 15:34:52 ASIA/JAKARTA] PHP Fatal error:  Uncaught Exception: FPDF error: Image file has no extension and no type was specified: template/ in /home/andipublisher/public_html/application_api/sertifikat/fpdf/fpdf.php:271
Stack trace:
#0 /home/andipublisher/public_html/application_api/sertifikat/fpdf/fpdf.php(881): FPDF->Error('Image file has ...')
#1 /home/andipublisher/public_html/application_api/sertifikat/sertifikat-event.php(41): FPDF->Image('template/', 0, 0, 0)
#2 {main}
  thrown in /home/andipublisher/public_html/application_api/sertifikat/fpdf/fpdf.php on line 271
[23-May-2022 15:35:00 ASIA/JAKARTA] PHP Fatal error:  Uncaught Exception: FPDF error: Image file has no extension and no type was specified: template/ in /home/andipublisher/public_html/application_api/sertifikat/fpdf/fpdf.php:271
Stack trace:
#0 /home/andipublisher/public_html/application_api/sertifikat/fpdf/fpdf.php(881): FPDF->Error('Image file has ...')
#1 /home/andipublisher/public_html/application_api/sertifikat/sertifikat-event.php(41): FPDF->Image('template/', 0, 0, 0)
#2 {main}
  thrown in /home/andipublisher/public_html/application_api/sertifikat/fpdf/fpdf.php on line 271
[23-May-2022 15:40:02 ASIA/JAKARTA] PHP Fatal error:  Uncaught Exception: FPDF error: Image file has no extension and no type was specified: template/ in /home/andipublisher/public_html/application_api/sertifikat/fpdf/fpdf.php:271
Stack trace:
#0 /home/andipublisher/public_html/application_api/sertifikat/fpdf/fpdf.php(881): FPDF->Error('Image file has ...')
#1 /home/andipublisher/public_html/application_api/sertifikat/sertifikat-event.php(41): FPDF->Image('template/', 0, 0, 0)
#2 {main}
  thrown in /home/andipublisher/public_html/application_api/sertifikat/fpdf/fpdf.php on line 271
[23-May-2022 16:15:07 ASIA/JAKARTA] PHP Fatal error:  Uncaught Exception: FPDF error: Image file has no extension and no type was specified: template/ in /home/andipublisher/public_html/application_api/sertifikat/fpdf/fpdf.php:271
Stack trace:
#0 /home/andipublisher/public_html/application_api/sertifikat/fpdf/fpdf.php(881): FPDF->Error('Image file has ...')
#1 /home/andipublisher/public_html/application_api/sertifikat/sertifikat-event.php(41): FPDF->Image('template/', 0, 0, 0)
#2 {main}
  thrown in /home/andipublisher/public_html/application_api/sertifikat/fpdf/fpdf.php on line 271
[23-May-2022 16:15:12 ASIA/JAKARTA] PHP Fatal error:  Uncaught Exception: FPDF error: Image file has no extension and no type was specified: template/ in /home/andipublisher/public_html/application_api/sertifikat/fpdf/fpdf.php:271
Stack trace:
#0 /home/andipublisher/public_html/application_api/sertifikat/fpdf/fpdf.php(881): FPDF->Error('Image file has ...')
#1 /home/andipublisher/public_html/application_api/sertifikat/sertifikat-event.php(41): FPDF->Image('template/', 0, 0, 0)
#2 {main}
  thrown in /home/andipublisher/public_html/application_api/sertifikat/fpdf/fpdf.php on line 271
[24-May-2022 09:19:15 ASIA/JAKARTA] PHP Fatal error:  Uncaught Exception: FPDF error: Image file has no extension and no type was specified: template/ in /home/andipublisher/public_html/application_api/sertifikat/fpdf/fpdf.php:271
Stack trace:
#0 /home/andipublisher/public_html/application_api/sertifikat/fpdf/fpdf.php(881): FPDF->Error('Image file has ...')
#1 /home/andipublisher/public_html/application_api/sertifikat/sertifikat-event.php(41): FPDF->Image('template/', 0, 0, 0)
#2 {main}
  thrown in /home/andipublisher/public_html/application_api/sertifikat/fpdf/fpdf.php on line 271
[24-May-2022 09:19:33 ASIA/JAKARTA] PHP Fatal error:  Uncaught Exception: FPDF error: Image file has no extension and no type was specified: template/ in /home/andipublisher/public_html/application_api/sertifikat/fpdf/fpdf.php:271
Stack trace:
#0 /home/andipublisher/public_html/application_api/sertifikat/fpdf/fpdf.php(881): FPDF->Error('Image file has ...')
#1 /home/andipublisher/public_html/application_api/sertifikat/sertifikat-event.php(41): FPDF->Image('template/', 0, 0, 0)
#2 {main}
  thrown in /home/andipublisher/public_html/application_api/sertifikat/fpdf/fpdf.php on line 271
[24-May-2022 09:20:17 ASIA/JAKARTA] PHP Fatal error:  Uncaught Exception: FPDF error: Image file has no extension and no type was specified: template/ in /home/andipublisher/public_html/application_api/sertifikat/fpdf/fpdf.php:271
Stack trace:
#0 /home/andipublisher/public_html/application_api/sertifikat/fpdf/fpdf.php(881): FPDF->Error('Image file has ...')
#1 /home/andipublisher/public_html/application_api/sertifikat/sertifikat-event.php(41): FPDF->Image('template/', 0, 0, 0)
#2 {main}
  thrown in /home/andipublisher/public_html/application_api/sertifikat/fpdf/fpdf.php on line 271
[24-May-2022 22:00:03 ASIA/JAKARTA] PHP Fatal error:  Uncaught Exception: FPDF error: Image file has no extension and no type was specified: template/ in /home/andipublisher/public_html/application_api/sertifikat/fpdf/fpdf.php:271
Stack trace:
#0 /home/andipublisher/public_html/application_api/sertifikat/fpdf/fpdf.php(881): FPDF->Error('Image file has ...')
#1 /home/andipublisher/public_html/application_api/sertifikat/sertifikat-event.php(41): FPDF->Image('template/', 0, 0, 0)
#2 {main}
  thrown in /home/andipublisher/public_html/application_api/sertifikat/fpdf/fpdf.php on line 271
[24-May-2022 22:00:12 ASIA/JAKARTA] PHP Fatal error:  Uncaught Exception: FPDF error: Image file has no extension and no type was specified: template/ in /home/andipublisher/public_html/application_api/sertifikat/fpdf/fpdf.php:271
Stack trace:
#0 /home/andipublisher/public_html/application_api/sertifikat/fpdf/fpdf.php(881): FPDF->Error('Image file has ...')
#1 /home/andipublisher/public_html/application_api/sertifikat/sertifikat-event.php(41): FPDF->Image('template/', 0, 0, 0)
#2 {main}
  thrown in /home/andipublisher/public_html/application_api/sertifikat/fpdf/fpdf.php on line 271
[29-May-2022 07:24:18 ASIA/JAKARTA] PHP Fatal error:  Uncaught Exception: FPDF error: Image file has no extension and no type was specified: template/ in /home/andipublisher/public_html/application_api/sertifikat/fpdf/fpdf.php:271
Stack trace:
#0 /home/andipublisher/public_html/application_api/sertifikat/fpdf/fpdf.php(881): FPDF->Error('Image file has ...')
#1 /home/andipublisher/public_html/application_api/sertifikat/sertifikat-event.php(41): FPDF->Image('template/', 0, 0, 0)
#2 {main}
  thrown in /home/andipublisher/public_html/application_api/sertifikat/fpdf/fpdf.php on line 271
[29-May-2022 07:24:27 ASIA/JAKARTA] PHP Fatal error:  Uncaught Exception: FPDF error: Image file has no extension and no type was specified: template/ in /home/andipublisher/public_html/application_api/sertifikat/fpdf/fpdf.php:271
Stack trace:
#0 /home/andipublisher/public_html/application_api/sertifikat/fpdf/fpdf.php(881): FPDF->Error('Image file has ...')
#1 /home/andipublisher/public_html/application_api/sertifikat/sertifikat-event.php(41): FPDF->Image('template/', 0, 0, 0)
#2 {main}
  thrown in /home/andipublisher/public_html/application_api/sertifikat/fpdf/fpdf.php on line 271
[30-May-2022 14:07:37 ASIA/JAKARTA] PHP Fatal error:  Uncaught Exception: FPDF error: Image file has no extension and no type was specified: template/ in /home/andipublisher/public_html/application_api/sertifikat/fpdf/fpdf.php:271
Stack trace:
#0 /home/andipublisher/public_html/application_api/sertifikat/fpdf/fpdf.php(881): FPDF->Error('Image file has ...')
#1 /home/andipublisher/public_html/application_api/sertifikat/sertifikat-event.php(41): FPDF->Image('template/', 0, 0, 0)
#2 {main}
  thrown in /home/andipublisher/public_html/application_api/sertifikat/fpdf/fpdf.php on line 271
[30-May-2022 15:11:14 ASIA/JAKARTA] PHP Fatal error:  Uncaught Exception: FPDF error: Image file has no extension and no type was specified: template/ in /home/andipublisher/public_html/application_api/sertifikat/fpdf/fpdf.php:271
Stack trace:
#0 /home/andipublisher/public_html/application_api/sertifikat/fpdf/fpdf.php(881): FPDF->Error('Image file has ...')
#1 /home/andipublisher/public_html/application_api/sertifikat/sertifikat-event.php(41): FPDF->Image('template/', 0, 0, 0)
#2 {main}
  thrown in /home/andipublisher/public_html/application_api/sertifikat/fpdf/fpdf.php on line 271
[31-May-2022 12:06:10 ASIA/JAKARTA] PHP Fatal error:  Uncaught Exception: FPDF error: Image file has no extension and no type was specified: template/ in /home/andipublisher/public_html/application_api/sertifikat/fpdf/fpdf.php:271
Stack trace:
#0 /home/andipublisher/public_html/application_api/sertifikat/fpdf/fpdf.php(881): FPDF->Error('Image file has ...')
#1 /home/andipublisher/public_html/application_api/sertifikat/sertifikat-event.php(41): FPDF->Image('template/', 0, 0, 0)
#2 {main}
  thrown in /home/andipublisher/public_html/application_api/sertifikat/fpdf/fpdf.php on line 271
[01-Jun-2022 04:14:34 ASIA/JAKARTA] PHP Fatal error:  Uncaught Exception: FPDF error: Image file has no extension and no type was specified: template/ in /home/andipublisher/public_html/application_api/sertifikat/fpdf/fpdf.php:271
Stack trace:
#0 /home/andipublisher/public_html/application_api/sertifikat/fpdf/fpdf.php(881): FPDF->Error('Image file has ...')
#1 /home/andipublisher/public_html/application_api/sertifikat/sertifikat-event.php(41): FPDF->Image('template/', 0, 0, 0)
#2 {main}
  thrown in /home/andipublisher/public_html/application_api/sertifikat/fpdf/fpdf.php on line 271
[02-Jun-2022 09:40:15 ASIA/JAKARTA] PHP Fatal error:  Uncaught Exception: FPDF error: Image file has no extension and no type was specified: template/ in /home/andipublisher/public_html/application_api/sertifikat/fpdf/fpdf.php:271
Stack trace:
#0 /home/andipublisher/public_html/application_api/sertifikat/fpdf/fpdf.php(881): FPDF->Error('Image file has ...')
#1 /home/andipublisher/public_html/application_api/sertifikat/sertifikat-event.php(41): FPDF->Image('template/', 0, 0, 0)
#2 {main}
  thrown in /home/andipublisher/public_html/application_api/sertifikat/fpdf/fpdf.php on line 271
[02-Jun-2022 09:56:07 ASIA/JAKARTA] PHP Fatal error:  Uncaught Exception: FPDF error: Image file has no extension and no type was specified: template/ in /home/andipublisher/public_html/application_api/sertifikat/fpdf/fpdf.php:271
Stack trace:
#0 /home/andipublisher/public_html/application_api/sertifikat/fpdf/fpdf.php(881): FPDF->Error('Image file has ...')
#1 /home/andipublisher/public_html/application_api/sertifikat/sertifikat-event.php(41): FPDF->Image('template/', 0, 0, 0)
#2 {main}
  thrown in /home/andipublisher/public_html/application_api/sertifikat/fpdf/fpdf.php on line 271
[02-Jun-2022 09:56:29 ASIA/JAKARTA] PHP Fatal error:  Uncaught Exception: FPDF error: Image file has no extension and no type was specified: template/ in /home/andipublisher/public_html/application_api/sertifikat/fpdf/fpdf.php:271
Stack trace:
#0 /home/andipublisher/public_html/application_api/sertifikat/fpdf/fpdf.php(881): FPDF->Error('Image file has ...')
#1 /home/andipublisher/public_html/application_api/sertifikat/sertifikat-event.php(41): FPDF->Image('template/', 0, 0, 0)
#2 {main}
  thrown in /home/andipublisher/public_html/application_api/sertifikat/fpdf/fpdf.php on line 271
[02-Jun-2022 09:56:36 ASIA/JAKARTA] PHP Fatal error:  Uncaught Exception: FPDF error: Image file has no extension and no type was specified: template/ in /home/andipublisher/public_html/application_api/sertifikat/fpdf/fpdf.php:271
Stack trace:
#0 /home/andipublisher/public_html/application_api/sertifikat/fpdf/fpdf.php(881): FPDF->Error('Image file has ...')
#1 /home/andipublisher/public_html/application_api/sertifikat/sertifikat-event.php(41): FPDF->Image('template/', 0, 0, 0)
#2 {main}
  thrown in /home/andipublisher/public_html/application_api/sertifikat/fpdf/fpdf.php on line 271
[02-Jun-2022 09:57:46 ASIA/JAKARTA] PHP Fatal error:  Uncaught Exception: FPDF error: Image file has no extension and no type was specified: template/ in /home/andipublisher/public_html/application_api/sertifikat/fpdf/fpdf.php:271
Stack trace:
#0 /home/andipublisher/public_html/application_api/sertifikat/fpdf/fpdf.php(881): FPDF->Error('Image file has ...')
#1 /home/andipublisher/public_html/application_api/sertifikat/sertifikat-event.php(41): FPDF->Image('template/', 0, 0, 0)
#2 {main}
  thrown in /home/andipublisher/public_html/application_api/sertifikat/fpdf/fpdf.php on line 271
[02-Jun-2022 09:57:55 ASIA/JAKARTA] PHP Fatal error:  Uncaught Exception: FPDF error: Image file has no extension and no type was specified: template/ in /home/andipublisher/public_html/application_api/sertifikat/fpdf/fpdf.php:271
Stack trace:
#0 /home/andipublisher/public_html/application_api/sertifikat/fpdf/fpdf.php(881): FPDF->Error('Image file has ...')
#1 /home/andipublisher/public_html/application_api/sertifikat/sertifikat-event.php(41): FPDF->Image('template/', 0, 0, 0)
#2 {main}
  thrown in /home/andipublisher/public_html/application_api/sertifikat/fpdf/fpdf.php on line 271
[02-Jun-2022 09:57:59 ASIA/JAKARTA] PHP Fatal error:  Uncaught Exception: FPDF error: Image file has no extension and no type was specified: template/ in /home/andipublisher/public_html/application_api/sertifikat/fpdf/fpdf.php:271
Stack trace:
#0 /home/andipublisher/public_html/application_api/sertifikat/fpdf/fpdf.php(881): FPDF->Error('Image file has ...')
#1 /home/andipublisher/public_html/application_api/sertifikat/sertifikat-event.php(41): FPDF->Image('template/', 0, 0, 0)
#2 {main}
  thrown in /home/andipublisher/public_html/application_api/sertifikat/fpdf/fpdf.php on line 271
[02-Jun-2022 09:58:41 ASIA/JAKARTA] PHP Fatal error:  Uncaught Exception: FPDF error: Image file has no extension and no type was specified: template/ in /home/andipublisher/public_html/application_api/sertifikat/fpdf/fpdf.php:271
Stack trace:
#0 /home/andipublisher/public_html/application_api/sertifikat/fpdf/fpdf.php(881): FPDF->Error('Image file has ...')
#1 /home/andipublisher/public_html/application_api/sertifikat/sertifikat-event.php(41): FPDF->Image('template/', 0, 0, 0)
#2 {main}
  thrown in /home/andipublisher/public_html/application_api/sertifikat/fpdf/fpdf.php on line 271
[02-Jun-2022 09:58:53 ASIA/JAKARTA] PHP Fatal error:  Uncaught Exception: FPDF error: Image file has no extension and no type was specified: template/ in /home/andipublisher/public_html/application_api/sertifikat/fpdf/fpdf.php:271
Stack trace:
#0 /home/andipublisher/public_html/application_api/sertifikat/fpdf/fpdf.php(881): FPDF->Error('Image file has ...')
#1 /home/andipublisher/public_html/application_api/sertifikat/sertifikat-event.php(41): FPDF->Image('template/', 0, 0, 0)
#2 {main}
  thrown in /home/andipublisher/public_html/application_api/sertifikat/fpdf/fpdf.php on line 271
[02-Jun-2022 09:59:12 ASIA/JAKARTA] PHP Fatal error:  Uncaught Exception: FPDF error: Image file has no extension and no type was specified: template/ in /home/andipublisher/public_html/application_api/sertifikat/fpdf/fpdf.php:271
Stack trace:
#0 /home/andipublisher/public_html/application_api/sertifikat/fpdf/fpdf.php(881): FPDF->Error('Image file has ...')
#1 /home/andipublisher/public_html/application_api/sertifikat/sertifikat-event.php(41): FPDF->Image('template/', 0, 0, 0)
#2 {main}
  thrown in /home/andipublisher/public_html/application_api/sertifikat/fpdf/fpdf.php on line 271
[02-Jun-2022 09:59:20 ASIA/JAKARTA] PHP Fatal error:  Uncaught Exception: FPDF error: Image file has no extension and no type was specified: template/ in /home/andipublisher/public_html/application_api/sertifikat/fpdf/fpdf.php:271
Stack trace:
#0 /home/andipublisher/public_html/application_api/sertifikat/fpdf/fpdf.php(881): FPDF->Error('Image file has ...')
#1 /home/andipublisher/public_html/application_api/sertifikat/sertifikat-event.php(41): FPDF->Image('template/', 0, 0, 0)
#2 {main}
  thrown in /home/andipublisher/public_html/application_api/sertifikat/fpdf/fpdf.php on line 271
[02-Jun-2022 10:04:13 ASIA/JAKARTA] PHP Fatal error:  Uncaught Exception: FPDF error: Image file has no extension and no type was specified: template/ in /home/andipublisher/public_html/application_api/sertifikat/fpdf/fpdf.php:271
Stack trace:
#0 /home/andipublisher/public_html/application_api/sertifikat/fpdf/fpdf.php(881): FPDF->Error('Image file has ...')
#1 /home/andipublisher/public_html/application_api/sertifikat/sertifikat-event.php(41): FPDF->Image('template/', 0, 0, 0)
#2 {main}
  thrown in /home/andipublisher/public_html/application_api/sertifikat/fpdf/fpdf.php on line 271
[02-Jul-2022 20:26:23 ASIA/JAKARTA] PHP Fatal error:  Allowed memory size of 134217728 bytes exhausted (tried to allocate 134122222 bytes) in /home/andipublisher/public_html/application_api/sertifikat/fpdf/fpdf.php on line 1353
[05-Jul-2022 11:58:58 ASIA/JAKARTA] PHP Fatal error:  Allowed memory size of 134217728 bytes exhausted (tried to allocate 134122222 bytes) in /home/andipublisher/public_html/application_api/sertifikat/fpdf/fpdf.php on line 1353
[05-Jul-2022 11:59:05 ASIA/JAKARTA] PHP Fatal error:  Allowed memory size of 134217728 bytes exhausted (tried to allocate 134122222 bytes) in /home/andipublisher/public_html/application_api/sertifikat/fpdf/fpdf.php on line 1353
[05-Jul-2022 11:59:16 ASIA/JAKARTA] PHP Fatal error:  Allowed memory size of 134217728 bytes exhausted (tried to allocate 134122222 bytes) in /home/andipublisher/public_html/application_api/sertifikat/fpdf/fpdf.php on line 1353
[06-Jul-2022 15:54:04 ASIA/JAKARTA] PHP Fatal error:  Allowed memory size of 134217728 bytes exhausted (tried to allocate 134122222 bytes) in /home/andipublisher/public_html/application_api/sertifikat/fpdf/fpdf.php on line 1353
[06-Jul-2022 15:54:36 ASIA/JAKARTA] PHP Fatal error:  Allowed memory size of 134217728 bytes exhausted (tried to allocate 134122222 bytes) in /home/andipublisher/public_html/application_api/sertifikat/fpdf/fpdf.php on line 1353
[06-Jul-2022 15:55:08 ASIA/JAKARTA] PHP Fatal error:  Allowed memory size of 134217728 bytes exhausted (tried to allocate 134122222 bytes) in /home/andipublisher/public_html/application_api/sertifikat/fpdf/fpdf.php on line 1353
[06-Jul-2022 15:55:12 ASIA/JAKARTA] PHP Fatal error:  Allowed memory size of 134217728 bytes exhausted (tried to allocate 134122222 bytes) in /home/andipublisher/public_html/application_api/sertifikat/fpdf/fpdf.php on line 1353
[06-Jul-2022 15:55:17 ASIA/JAKARTA] PHP Fatal error:  Allowed memory size of 134217728 bytes exhausted (tried to allocate 134122222 bytes) in /home/andipublisher/public_html/application_api/sertifikat/fpdf/fpdf.php on line 1353
[06-Jul-2022 19:59:49 ASIA/JAKARTA] PHP Fatal error:  Allowed memory size of 134217728 bytes exhausted (tried to allocate 134122222 bytes) in /home/andipublisher/public_html/application_api/sertifikat/fpdf/fpdf.php on line 1353
[09-Jul-2022 06:40:59 ASIA/JAKARTA] PHP Fatal error:  Allowed memory size of 134217728 bytes exhausted (tried to allocate 134122222 bytes) in /home/andipublisher/public_html/application_api/sertifikat/fpdf/fpdf.php on line 1353
[14-Jul-2022 14:33:16 ASIA/JAKARTA] PHP Fatal error:  Uncaught Exception: FPDF error: Image file has no extension and no type was specified: template/ in /home/andipublisher/public_html/application_api/sertifikat/fpdf/fpdf.php:271
Stack trace:
#0 /home/andipublisher/public_html/application_api/sertifikat/fpdf/fpdf.php(881): FPDF->Error('Image file has ...')
#1 /home/andipublisher/public_html/application_api/sertifikat/sertifikat-event.php(41): FPDF->Image('template/', 0, 0, 0)
#2 {main}
  thrown in /home/andipublisher/public_html/application_api/sertifikat/fpdf/fpdf.php on line 271
[17-Jul-2022 07:36:42 ASIA/JAKARTA] PHP Fatal error:  Allowed memory size of 134217728 bytes exhausted (tried to allocate 134122222 bytes) in /home/andipublisher/public_html/application_api/sertifikat/fpdf/fpdf.php on line 1353
[17-Jul-2022 07:36:45 ASIA/JAKARTA] PHP Fatal error:  Allowed memory size of 134217728 bytes exhausted (tried to allocate 134122222 bytes) in /home/andipublisher/public_html/application_api/sertifikat/fpdf/fpdf.php on line 1353
[19-Jul-2022 14:03:09 ASIA/JAKARTA] PHP Fatal error:  Allowed memory size of 134217728 bytes exhausted (tried to allocate 134122222 bytes) in /home/andipublisher/public_html/application_api/sertifikat/fpdf/fpdf.php on line 1353
[19-Jul-2022 14:03:21 ASIA/JAKARTA] PHP Fatal error:  Allowed memory size of 134217728 bytes exhausted (tried to allocate 134122222 bytes) in /home/andipublisher/public_html/application_api/sertifikat/fpdf/fpdf.php on line 1353
[19-Jul-2022 14:03:32 ASIA/JAKARTA] PHP Fatal error:  Allowed memory size of 134217728 bytes exhausted (tried to allocate 134122222 bytes) in /home/andipublisher/public_html/application_api/sertifikat/fpdf/fpdf.php on line 1353
[19-Jul-2022 14:03:35 ASIA/JAKARTA] PHP Fatal error:  Allowed memory size of 134217728 bytes exhausted (tried to allocate 134122222 bytes) in /home/andipublisher/public_html/application_api/sertifikat/fpdf/fpdf.php on line 1353
[19-Jul-2022 14:03:47 ASIA/JAKARTA] PHP Fatal error:  Allowed memory size of 134217728 bytes exhausted (tried to allocate 134122222 bytes) in /home/andipublisher/public_html/application_api/sertifikat/fpdf/fpdf.php on line 1353
[21-Jul-2022 19:49:41 ASIA/JAKARTA] PHP Fatal error:  Allowed memory size of 134217728 bytes exhausted (tried to allocate 134122222 bytes) in /home/andipublisher/public_html/application_api/sertifikat/fpdf/fpdf.php on line 1353
[26-Jul-2022 16:04:55 ASIA/JAKARTA] PHP Fatal error:  Allowed memory size of 134217728 bytes exhausted (tried to allocate 134122222 bytes) in /home/andipublisher/public_html/application_api/sertifikat/fpdf/fpdf.php on line 1353
[26-Jul-2022 16:05:02 ASIA/JAKARTA] PHP Fatal error:  Allowed memory size of 134217728 bytes exhausted (tried to allocate 134122222 bytes) in /home/andipublisher/public_html/application_api/sertifikat/fpdf/fpdf.php on line 1353
[26-Jul-2022 16:05:15 ASIA/JAKARTA] PHP Fatal error:  Allowed memory size of 134217728 bytes exhausted (tried to allocate 134122222 bytes) in /home/andipublisher/public_html/application_api/sertifikat/fpdf/fpdf.php on line 1353
[28-Jul-2022 10:24:32 ASIA/JAKARTA] PHP Fatal error:  Allowed memory size of 134217728 bytes exhausted (tried to allocate 134122222 bytes) in /home/andipublisher/public_html/application_api/sertifikat/fpdf/fpdf.php on line 1353
[29-Jul-2022 17:57:00 ASIA/JAKARTA] PHP Fatal error:  Allowed memory size of 134217728 bytes exhausted (tried to allocate 134122222 bytes) in /home/andipublisher/public_html/application_api/sertifikat/fpdf/fpdf.php on line 1353
[30-Jul-2022 01:48:56 ASIA/JAKARTA] PHP Fatal error:  Allowed memory size of 134217728 bytes exhausted (tried to allocate 134122222 bytes) in /home/andipublisher/public_html/application_api/sertifikat/fpdf/fpdf.php on line 1353
[02-Aug-2022 14:53:07 ASIA/JAKARTA] PHP Fatal error:  Allowed memory size of 134217728 bytes exhausted (tried to allocate 134122222 bytes) in /home/andipublisher/public_html/application_api/sertifikat/fpdf/fpdf.php on line 1353
[02-Aug-2022 14:53:13 ASIA/JAKARTA] PHP Fatal error:  Allowed memory size of 134217728 bytes exhausted (tried to allocate 134122222 bytes) in /home/andipublisher/public_html/application_api/sertifikat/fpdf/fpdf.php on line 1353
[05-Aug-2022 15:15:46 ASIA/JAKARTA] PHP Fatal error:  Allowed memory size of 134217728 bytes exhausted (tried to allocate 134122222 bytes) in /home/andipublisher/public_html/application_api/sertifikat/fpdf/fpdf.php on line 1353
[05-Aug-2022 15:16:07 ASIA/JAKARTA] PHP Fatal error:  Allowed memory size of 134217728 bytes exhausted (tried to allocate 134122222 bytes) in /home/andipublisher/public_html/application_api/sertifikat/fpdf/fpdf.php on line 1353
[09-Aug-2022 19:33:56 ASIA/JAKARTA] PHP Fatal error:  Allowed memory size of 134217728 bytes exhausted (tried to allocate 134122222 bytes) in /home/andipublisher/public_html/application_api/sertifikat/fpdf/fpdf.php on line 1353
[09-Aug-2022 19:34:13 ASIA/JAKARTA] PHP Fatal error:  Allowed memory size of 134217728 bytes exhausted (tried to allocate 134122222 bytes) in /home/andipublisher/public_html/application_api/sertifikat/fpdf/fpdf.php on line 1353
[09-Aug-2022 19:34:15 ASIA/JAKARTA] PHP Fatal error:  Allowed memory size of 134217728 bytes exhausted (tried to allocate 134122222 bytes) in /home/andipublisher/public_html/application_api/sertifikat/fpdf/fpdf.php on line 1353
[11-Aug-2022 16:45:45 ASIA/JAKARTA] PHP Fatal error:  Allowed memory size of 134217728 bytes exhausted (tried to allocate 134122222 bytes) in /home/andipublisher/public_html/application_api/sertifikat/fpdf/fpdf.php on line 1353
[08-Sep-2022 12:06:32 ASIA/JAKARTA] PHP Fatal error:  Allowed memory size of 134217728 bytes exhausted (tried to allocate 134122222 bytes) in /home/andipublisher/public_html/application_api/sertifikat/fpdf/fpdf.php on line 1353
